<?xml version="1.0" encoding="UTF-8"?>
<testsuite xmlns:xsi="http://www.w3.org/2001/XMLSchema-instance" xsi:noNamespaceSchemaLocation="https://maven.apache.org/surefire/maven-surefire-plugin/xsd/surefire-test-report.xsd" name="net.image.denoising.TensorsTest" time="0.047" tests="9" errors="0" skipped="0" failures="0">
  <properties>
[...]
</properties>
  <testcase name="testImgToTensorReverseTyped" classname="net.image.denoising.TensorsTest" time="0.016"/>
  <testcase name="testImgToTensorDirectTyped" classname="net.image.denoising.TensorsTest" time="0.006"/>
  <testcase name="testImgToTensorMapping" classname="net.image.denoising.TensorsTest" time="0.004"/>
  <testcase name="testImgToTensorReverse" classname="net.image.denoising.TensorsTest" time="0.003"/>
  <testcase name="testTensorToImgDirect" classname="net.image.denoising.TensorsTest" time="0"/>
  <testcase name="testTensorToImgMapping" classname="net.image.denoising.TensorsTest" time="0.005"/>
  <testcase name="testImgToTensorDirect" classname="net.image.denoising.TensorsTest" time="0.002"/>
  <testcase name="testImgToTensorMappingTyped" classname="net.image.denoising.TensorsTest" time="0.004"/>
  <testcase name="testTensorToImgReverse" classname="net.image.denoising.TensorsTest" time="0.002"/>
</testsuite>